0 info it worked if it ends with ok
1 verbose cli [ 'C:\\Program Files\\nodejs\\node.exe',
1 verbose cli   'C:\\Users\\PA3GSB\\AppData\\Roaming\\npm\\node_modules\\npm\\bin\\npm-cli.js',
1 verbose cli   'run',
1 verbose cli   'serve' ]
2 info using npm@3.10.8
3 info using node@v4.5.0
4 verbose run-script [ 'preserve', 'serve', 'postserve' ]
5 info lifecycle @~preserve: @
6 silly lifecycle @~preserve: no script for preserve, continuing
7 info lifecycle @~serve: @
8 verbose lifecycle @~serve: unsafe-perm in lifecycle true
9 verbose lifecycle @~serve: PATH: C:\Users\PA3GSB\AppData\Roaming\npm\node_modules\npm\bin\node-gyp-bin;C:\dev\RadioBerry\Radioberry - Frontend\node_modules\.bin;C:\ProgramData\Oracle\Java\javapath;C:\Program Files (x86)\AMD APP\bin\x86_64;C:\Program Files (x86)\AMD APP\bin\x86;C:\MCC18\mpasm;C:\MCC18\bin;C:\WINDOWS\system32;C:\WINDOWS;C:\WINDOWS\System32\Wbem;C:\WINDOWS\System32\WindowsPowerShell\v1.0\;c:\Program Files (x86)\ATI Technologies\ATI.ACE\Core-Static;C:\Program Files (x86)\Common Files\Roxio Shared\DLLShared\;C:\Program Files (x86)\Common Files\Roxio Shared\10.0\DLLShared\;C:\Program Files\TortoiseSVN\bin;c:\Program Files (x86)\Microsoft SQL Server\100\Tools\Binn\;c:\Program Files (x86)\Microsoft SQL Server\100\DTS\Binn\;C:\Program Files (x86)\Microchip\MPLAB C32 Suite\bin;C:\Program Files (x86)\Microchip\MPLAB IDE\VDI;C:\Program Files (x86)\Android\android-sdk\platform-tools;C:\Program Files (x86)\Java\jdk1.7.0_11\bin;C:\Program Files\TortoiseHg\;C:\Program Files (x86)\Windows Kits\8.0\Windows Performance Toolkit\;C:\Program Files\Microsoft SQL Server\110\Tools\Binn\;C:\Program Files (x86)\Windows Kits\8.1\Windows Performance Toolkit\;C:\Program Files (x86)\NVIDIA Corporation\PhysX\Common;C:\Program Files (x86)\Microsoft SDKs\TypeScript\1.0\;C:\Program Files\Microsoft SQL Server\120\Tools\Binn\;C:\WINDOWS\system32;C:\WINDOWS;C:\WINDOWS\System32\Wbem;C:\WINDOWS\System32\WindowsPowerShell\v1.0\;C:\Program Files (x86)\Windows Kits\10\Windows Performance Toolkit\;C:\Program Files\gnuplot\bin;C:\Program Files\nodejs\;C:\Ruby193\bin;C:\Program Files (x86)\Microsoft Visual Studio 10.0\Common7\Tools;C:\Program Files (x86)\Microsoft Visual Studio 10.0\VC\bin;C:\Qt\4.8.6\bin;C:\MinGW\msys\1.0;c:\mingw;c:\mingw\bin;C:\MCC18\mpasm;C:\MCC18\bin;C:\maven\apache-maven-3.0.4\bin;c:\altera\12.1sp1\modelsim_ase\win32aloem;C:\Program Files (x86)\Git\bin;C:\Program Files (x86)\Git\cmd;C:\Users\PA3GSB\AppData\Roaming\npm;C:\Users\PA3GSB\AppData\Local\Microsoft\WindowsApps;;C:\Program Files (x86)\Microsoft VS Code\bin
10 verbose lifecycle @~serve: CWD: C:\dev\RadioBerry\Radioberry - Frontend
11 silly lifecycle @~serve: Args: [ '/d /s /c', 'gulp serve' ]
12 verbose stack Error: kill ENOSYS
12 verbose stack     at exports._errnoException (util.js:907:11)
12 verbose stack     at process.kill (node.js:777:15)
12 verbose stack     at process.listener (C:\Users\PA3GSB\AppData\Roaming\npm\node_modules\npm\node_modules\npmlog\node_modules\gauge\node_modules\signal-exit\index.js:86:15)
12 verbose stack     at emitNone (events.js:72:20)
12 verbose stack     at process.emit (events.js:166:7)
12 verbose stack     at processEmit (C:\Users\PA3GSB\AppData\Roaming\npm\node_modules\npm\node_modules\npmlog\node_modules\gauge\node_modules\signal-exit\index.js:146:32)
12 verbose stack     at processEmit (C:\Users\PA3GSB\AppData\Roaming\npm\node_modules\npm\node_modules\npm-registry-client\node_modules\npmlog\node_modules\gauge\node_modules\signal-exit\index.js:146:32)
12 verbose stack     at Signal.wrap.onsignal (node.js:804:46)
13 verbose cwd C:\dev\RadioBerry\Radioberry - Frontend
14 error Windows_NT 10.0.14393
15 error argv "C:\\Program Files\\nodejs\\node.exe" "C:\\Users\\PA3GSB\\AppData\\Roaming\\npm\\node_modules\\npm\\bin\\npm-cli.js" "run" "serve"
16 error node v4.5.0
17 error npm  v3.10.8
18 error code ENOSYS
19 error errno ENOSYS
20 error syscall kill
21 error kill ENOSYS
22 error If you need help, you may report this error at:
22 error     <https://github.com/npm/npm/issues>
23 verbose exit [ 1, true ]
