Assembler report for radioberry
Mon Mar 14 18:43:59 2016
Quartus II 64-Bit Version 12.1 Build 243 01/31/2013 Service Pack 1 SJ Web Edition


---------------------
; Table of Contents ;
---------------------
  1. Legal Notice
  2. Assembler Summary
  3. Assembler Settings
  4. Assembler Generated Files
  5. Assembler Device Options: C:/dev/RadioBerry/Firmware/output_files/radioberry.sof
  6. Assembler Device Options: C:/dev/RadioBerry/Firmware/output_files/radioberry.ttf
  7. Assembler Device Options: C:/dev/RadioBerry/Firmware/output_files/radioberry.rbf
  8. Assembler Device Options: C:/dev/RadioBerry/Firmware/output_files/radioberry.hexout
  9. Assembler Messages



----------------
; Legal Notice ;
----------------
Copyright (C) 1991-2012 Altera Corporation
Your use of Altera Corporation's design tools, logic functions 
and other software and tools, and its AMPP partner logic 
functions, and any output files from any of the foregoing 
(including device programming or simulation files), and any 
associated documentation or information are expressly subject 
to the terms and conditions of the Altera Program License 
Subscription Agreement, Altera MegaCore Function License 
Agreement, or other applicable license agreement, including, 
without limitation, that your use is for the sole purpose of 
programming logic devices manufactured by Altera and sold by 
Altera or its authorized distributors.  Please refer to the 
applicable agreement for further details.



+---------------------------------------------------------------+
; Assembler Summary                                             ;
+-----------------------+---------------------------------------+
; Assembler Status      ; Successful - Mon Mar 14 18:43:59 2016 ;
; Revision Name         ; radioberry                            ;
; Top-level Entity Name ; radioberry                            ;
; Family                ; Cyclone III                           ;
; Device                ; EP3C25E144C8                          ;
+-----------------------+---------------------------------------+


+--------------------------------------------------------------------------------------------------------+
; Assembler Settings                                                                                     ;
+-----------------------------------------------------------------------------+----------+---------------+
; Option                                                                      ; Setting  ; Default Value ;
+-----------------------------------------------------------------------------+----------+---------------+
; Generate Tabular Text File (.ttf) For Target Device                         ; On       ; Off           ;
; Generate Raw Binary File (.rbf) For Target Device                           ; On       ; Off           ;
; Generate Hexadecimal (Intel-Format) Output File (.hexout) for Target Device ; On       ; Off           ;
; Auto-restart configuration after error                                      ; Off      ; On            ;
; Use smart compilation                                                       ; Off      ; Off           ;
; Enable parallel Assembler and TimeQuest Timing Analyzer during compilation  ; On       ; On            ;
; Enable compact report table                                                 ; Off      ; Off           ;
; Generate compressed bitstreams                                              ; On       ; On            ;
; Compression mode                                                            ; Off      ; Off           ;
; Clock source for configuration device                                       ; Internal ; Internal      ;
; Clock frequency of the configuration device                                 ; 10 MHZ   ; 10 MHz        ;
; Divide clock frequency by                                                   ; 1        ; 1             ;
; Auto user code                                                              ; Off      ; Off           ;
; Use configuration device                                                    ; Off      ; Off           ;
; Configuration device                                                        ; Auto     ; Auto          ;
; Configuration device auto user code                                         ; Off      ; Off           ;
; Hexadecimal Output File start address                                       ; 0        ; 0             ;
; Hexadecimal Output File count direction                                     ; Up       ; Up            ;
; Release clears before tri-states                                            ; Off      ; Off           ;
; Enable OCT_DONE                                                             ; Off      ; Off           ;
; Generate Serial Vector Format File (.svf) for Target Device                 ; Off      ; Off           ;
; Generate a JEDEC STAPL Format File (.jam) for Target Device                 ; Off      ; Off           ;
; Generate a compressed Jam STAPL Byte Code 2.0 File (.jbc) for Target Device ; Off      ; Off           ;
; Generate a compressed Jam STAPL Byte Code 2.0 File (.jbc) for Target Device ; On       ; On            ;
+-----------------------------------------------------------------------------+----------+---------------+


+-----------------------------------------------------------+
; Assembler Generated Files                                 ;
+-----------------------------------------------------------+
; File Name                                                 ;
+-----------------------------------------------------------+
; C:/dev/RadioBerry/Firmware/output_files/radioberry.sof    ;
; C:/dev/RadioBerry/Firmware/output_files/radioberry.ttf    ;
; C:/dev/RadioBerry/Firmware/output_files/radioberry.rbf    ;
; C:/dev/RadioBerry/Firmware/output_files/radioberry.hexout ;
+-----------------------------------------------------------+


+----------------------------------------------------------------------------------+
; Assembler Device Options: C:/dev/RadioBerry/Firmware/output_files/radioberry.sof ;
+----------------+-----------------------------------------------------------------+
; Option         ; Setting                                                         ;
+----------------+-----------------------------------------------------------------+
; Device         ; EP3C25E144C8                                                    ;
; JTAG usercode  ; 0xFFFFFFFF                                                      ;
; Checksum       ; 0x004441A9                                                      ;
+----------------+-----------------------------------------------------------------+


+----------------------------------------------------------------------------------+
; Assembler Device Options: C:/dev/RadioBerry/Firmware/output_files/radioberry.ttf ;
+--------------------+-------------------------------------------------------------+
; Option             ; Setting                                                     ;
+--------------------+-------------------------------------------------------------+
; Tabular Text File  ;                                                             ;
+--------------------+-------------------------------------------------------------+


+----------------------------------------------------------------------------------+
; Assembler Device Options: C:/dev/RadioBerry/Firmware/output_files/radioberry.rbf ;
+---------------------+------------------------------------------------------------+
; Option              ; Setting                                                    ;
+---------------------+------------------------------------------------------------+
; Raw Binary File     ;                                                            ;
;  Compression Ratio  ; 2                                                          ;
+---------------------+------------------------------------------------------------+


+-------------------------------------------------------------------------------------+
; Assembler Device Options: C:/dev/RadioBerry/Firmware/output_files/radioberry.hexout ;
+----------------------------------+--------------------------------------------------+
; Option                           ; Setting                                          ;
+----------------------------------+--------------------------------------------------+
; Hexadecimal (Intel-format) File  ;                                                  ;
+----------------------------------+--------------------------------------------------+


+--------------------+
; Assembler Messages ;
+--------------------+
Info: *******************************************************************
Info: Running Quartus II 64-Bit Assembler
    Info: Version 12.1 Build 243 01/31/2013 Service Pack 1 SJ Web Edition
    Info: Processing started: Mon Mar 14 18:43:57 2016
Info: Command: quartus_asm --read_settings_files=off --write_settings_files=off RadioBerry -c radioberry
Info (115031): Writing out detailed assembly data for power analysis
Info (115030): Assembler is generating device programming files
Info: Quartus II 64-Bit Assembler was successful. 0 errors, 0 warnings
    Info: Peak virtual memory: 466 megabytes
    Info: Processing ended: Mon Mar 14 18:43:59 2016
    Info: Elapsed time: 00:00:02
    Info: Total CPU time (on all processors): 00:00:02


